c:\development\libusb-master\win32\debug\lib\libusb-1.0\libusb-1.0.pdb
c:\development\libusb-master\win32\debug\lib\libusb-1.0\windows_winusb.obj
c:\development\libusb-master\win32\debug\lib\libusb-1.0\windows_nt_common.obj
c:\development\libusb-master\win32\debug\lib\libusb-1.0\threads_windows.obj
c:\development\libusb-master\win32\debug\lib\libusb-1.0\sync.obj
c:\development\libusb-master\win32\debug\lib\libusb-1.0\strerror.obj
c:\development\libusb-master\win32\debug\lib\libusb-1.0\poll_windows.obj
c:\development\libusb-master\win32\debug\lib\libusb-1.0\io.obj
c:\development\libusb-master\win32\debug\lib\libusb-1.0\hotplug.obj
c:\development\libusb-master\win32\debug\lib\libusb-1.0\descriptor.obj
c:\development\libusb-master\win32\debug\lib\libusb-1.0\core.obj
c:\development\libusb-master\win32\debug\lib\libusb-1.0.lib
c:\development\libusb-master\msvc\..\win32\debug\lib\libusb-1.0.pdb
c:\development\libusb-master\msvc\..\win32\debug\lib\libusb-1.0.lib
c:\development\libusb-master\win32\debug\lib\libusb-1.0\libusb-1.349ee8f9.tlog\cl.command.1.tlog
c:\development\libusb-master\win32\debug\lib\libusb-1.0\libusb-1.349ee8f9.tlog\cl.read.1.tlog
c:\development\libusb-master\win32\debug\lib\libusb-1.0\libusb-1.349ee8f9.tlog\cl.write.1.tlog
c:\development\libusb-master\win32\debug\lib\libusb-1.0\libusb-1.349ee8f9.tlog\lib-link.read.1.tlog
c:\development\libusb-master\win32\debug\lib\libusb-1.0\libusb-1.349ee8f9.tlog\lib-link.write.1.tlog
c:\development\libusb-master\win32\debug\lib\libusb-1.0\libusb-1.349ee8f9.tlog\lib.command.1.tlog
