c:\development\libusb-master\win32\debug\dll\libusb-usbdk-1.0\vc140.pdb
c:\development\libusb-master\win32\debug\dll\libusb-usbdk-1.0\windows_usbdk.obj
c:\development\libusb-master\win32\debug\dll\libusb-usbdk-1.0\windows_nt_common.obj
c:\development\libusb-master\win32\debug\dll\libusb-usbdk-1.0\threads_windows.obj
c:\development\libusb-master\win32\debug\dll\libusb-usbdk-1.0\sync.obj
c:\development\libusb-master\win32\debug\dll\libusb-usbdk-1.0\strerror.obj
c:\development\libusb-master\win32\debug\dll\libusb-usbdk-1.0\poll_windows.obj
c:\development\libusb-master\win32\debug\dll\libusb-usbdk-1.0\io.obj
c:\development\libusb-master\win32\debug\dll\libusb-usbdk-1.0\hotplug.obj
c:\development\libusb-master\win32\debug\dll\libusb-usbdk-1.0\descriptor.obj
c:\development\libusb-master\win32\debug\dll\libusb-usbdk-1.0\core.obj
c:\development\libusb-master\win32\debug\dll\libusb-usbdk-1.0.lib
c:\development\libusb-master\win32\debug\dll\libusb-usbdk-1.0.exp
c:\development\libusb-master\win32\debug\dll\libusb-usbdk-1.0.ilk
c:\development\libusb-master\win32\debug\dll\libusb-usbdk-1.0.dll
c:\development\libusb-master\win32\debug\dll\libusb-usbdk-1.0.pdb
c:\development\libusb-master\win32\debug\dll\libusb-usbdk-1.0\libusb-1.0.res
c:\development\libusb-master\msvc\..\win32\debug\dll\libusb-usbdk-1.0.pdb
c:\development\libusb-master\msvc\..\win32\debug\dll\libusb-usbdk-1.0.dll
c:\development\libusb-master\msvc\..\win32\debug\dll\libusb-usbdk-1.0.ilk
c:\development\libusb-master\win32\debug\dll\libusb-usbdk-1.0\libusb-u.f53a5974.tlog\cl.command.1.tlog
c:\development\libusb-master\win32\debug\dll\libusb-usbdk-1.0\libusb-u.f53a5974.tlog\cl.read.1.tlog
c:\development\libusb-master\win32\debug\dll\libusb-usbdk-1.0\libusb-u.f53a5974.tlog\cl.write.1.tlog
c:\development\libusb-master\win32\debug\dll\libusb-usbdk-1.0\libusb-u.f53a5974.tlog\libusb-usbdk-1.0 (dll).write.1u.tlog
c:\development\libusb-master\win32\debug\dll\libusb-usbdk-1.0\libusb-u.f53a5974.tlog\link.command.1.tlog
c:\development\libusb-master\win32\debug\dll\libusb-usbdk-1.0\libusb-u.f53a5974.tlog\link.read.1.tlog
c:\development\libusb-master\win32\debug\dll\libusb-usbdk-1.0\libusb-u.f53a5974.tlog\link.write.1.tlog
c:\development\libusb-master\win32\debug\dll\libusb-usbdk-1.0\libusb-u.f53a5974.tlog\rc.command.1.tlog
c:\development\libusb-master\win32\debug\dll\libusb-usbdk-1.0\libusb-u.f53a5974.tlog\rc.read.1.tlog
c:\development\libusb-master\win32\debug\dll\libusb-usbdk-1.0\libusb-u.f53a5974.tlog\rc.write.1.tlog
